# JRE version: Java(TM) SE Runtime Environment (8.0_92-b14) (build 1.8.0_92-b14)
# Java VM: Java HotSpot(TM) Client VM (25.92-b14 mixed mode windows-x86 )
Heap:
 def new generation   total 39424K, used 33191K [0x04e00000, 0x078c0000, 0x0f8a0000)
  eden space 35072K,  94% used [0x04e00000, 0x06e69730, 0x07040000)
  from space 4352K,   0% used [0x07040000, 0x070404f8, 0x07480000)
  to   space 4352K,   0% used [0x07480000, 0x07480000, 0x078c0000)
 tenured generation   total 87424K, used 44021K [0x0f8a0000, 0x14e00000, 0x24e00000)
   the space 87424K,  50% used [0x0f8a0000, 0x1239d550, 0x1239d600, 0x14e00000)
 Metaspace       used 19041K, capacity 19513K, committed 19584K, reserved 19840K
GC Heap History (10 events):
Event: 894005.840 GC heap before
{Heap before GC invocations=1074 (full 1):
 def new generation   total 39424K, used 35074K [0x04e00000, 0x078c0000, 0x0f8a0000)
  eden space 35072K, 100% used [0x04e00000, 0x07040000, 0x07040000)
  from space 4352K,   0% used [0x07480000, 0x07480800, 0x078c0000)
  to   space 4352K,   0% used [0x07040000, 0x07040000, 0x07480000)
 tenured generation   total 87424K, used 44021K [0x0f8a0000, 0x14e00000, 0x24e00000)
   the space 87424K,  50% used [0x0f8a0000, 0x1239d550, 0x1239d600, 0x14e00000)
 Metaspace       used 19041K, capacity 19513K, committed 19584K, reserved 19840K
Event: 894005.843 GC heap after
Heap after GC invocations=1075 (full 1):
 def new generation   total 39424K, used 1K [0x04e00000, 0x078c0000, 0x0f8a0000)
  eden space 35072K,   0% used [0x04e00000, 0x04e00000, 0x07040000)
  from space 4352K,   0% used [0x07040000, 0x07040438, 0x07480000)
  to   space 4352K,   0% used [0x07480000, 0x07480000, 0x078c0000)
 tenured generation   total 87424K, used 44021K [0x0f8a0000, 0x14e00000, 0x24e00000)
   the space 87424K,  50% used [0x0f8a0000, 0x1239d550, 0x1239d600, 0x14e00000)
 Metaspace       used 19041K, capacity 19513K, committed 19584K, reserved 19840K
}
Event: 894997.068 GC heap before
{Heap before GC invocations=1075 (full 1):
 def new generation   total 39424K, used 35073K [0x04e00000, 0x078c0000, 0x0f8a0000)
  eden space 35072K, 100% used [0x04e00000, 0x07040000, 0x07040000)
  from space 4352K,   0% used [0x07040000, 0x07040438, 0x07480000)
  to   space 4352K,   0% used [0x07480000, 0x07480000, 0x078c0000)
 tenured generation   total 87424K, used 44021K [0x0f8a0000, 0x14e00000, 0x24e00000)
   the space 87424K,  50% used [0x0f8a0000, 0x1239d550, 0x1239d600, 0x14e00000)
 Metaspace       used 19041K, capacity 19513K, committed 19584K, reserved 19840K
Event: 894997.070 GC heap after
Heap after GC invocations=1076 (full 1):
 def new generation   total 39424K, used 1K [0x04e00000, 0x078c0000, 0x0f8a0000)
  eden space 35072K,   0% used [0x04e00000, 0x04e00000, 0x07040000)
  from space 4352K,   0% used [0x07480000, 0x074806b0, 0x078c0000)
  to   space 4352K,   0% used [0x07040000, 0x07040000, 0x07480000)
 tenured generation   total 87424K, used 44021K [0x0f8a0000, 0x14e00000, 0x24e00000)
   the space 87424K,  50% used [0x0f8a0000, 0x1239d550, 0x1239d600, 0x14e00000)
 Metaspace       used 19041K, capacity 19513K, committed 19584K, reserved 19840K
}
Event: 895947.341 GC heap before
{Heap before GC invocations=1076 (full 1):
 def new generation   total 39424K, used 35073K [0x04e00000, 0x078c0000, 0x0f8a0000)
  eden space 35072K, 100% used [0x04e00000, 0x07040000, 0x07040000)
  from space 4352K,   0% used [0x07480000, 0x074806b0, 0x078c0000)
  to   space 4352K,   0% used [0x07040000, 0x07040000, 0x07480000)
 tenured generation   total 87424K, used 44021K [0x0f8a0000, 0x14e00000, 0x24e00000)
   the space 87424K,  50% used [0x0f8a0000, 0x1239d550, 0x1239d600, 0x14e00000)
 Metaspace       used 19041K, capacity 19513K, committed 19584K, reserved 19840K
Event: 895947.344 GC heap after
Heap after GC invocations=1077 (full 1):
 def new generation   total 39424K, used 1K [0x04e00000, 0x078c0000, 0x0f8a0000)
  eden space 35072K,   0% used [0x04e00000, 0x04e00000, 0x07040000)
  from space 4352K,   0% used [0x07040000, 0x07040728, 0x07480000)
  to   space 4352K,   0% used [0x07480000, 0x07480000, 0x078c0000)
 tenured generation   total 87424K, used 44021K [0x0f8a0000, 0x14e00000, 0x24e00000)
   the space 87424K,  50% used [0x0f8a0000, 0x1239d550, 0x1239d600, 0x14e00000)
 Metaspace       used 19041K, capacity 19513K, committed 19584K, reserved 19840K
}
Event: 896780.970 GC heap before
{Heap before GC invocations=1077 (full 1):
 def new generation   total 39424K, used 35073K [0x04e00000, 0x078c0000, 0x0f8a0000)
  eden space 35072K, 100% used [0x04e00000, 0x07040000, 0x07040000)
  from space 4352K,   0% used [0x07040000, 0x07040728, 0x07480000)
  to   space 4352K,   0% used [0x07480000, 0x07480000, 0x078c0000)
 tenured generation   total 87424K, used 44021K [0x0f8a0000, 0x14e00000, 0x24e00000)
   the space 87424K,  50% used [0x0f8a0000, 0x1239d550, 0x1239d600, 0x14e00000)
 Metaspace       used 19041K, capacity 19513K, committed 19584K, reserved 19840K
Event: 896780.972 GC heap after
Heap after GC invocations=1078 (full 1):
 def new generation   total 39424K, used 2K [0x04e00000, 0x078c0000, 0x0f8a0000)
  eden space 35072K,   0% used [0x04e00000, 0x04e00000, 0x07040000)
  from space 4352K,   0% used [0x07480000, 0x07480848, 0x078c0000)
  to   space 4352K,   0% used [0x07040000, 0x07040000, 0x07480000)
 tenured generation   total 87424K, used 44021K [0x0f8a0000, 0x14e00000, 0x24e00000)
   the space 87424K,  50% used [0x0f8a0000, 0x1239d550, 0x1239d600, 0x14e00000)
 Metaspace       used 19041K, capacity 19513K, committed 19584K, reserved 19840K
}
Event: 897703.506 GC heap before
{Heap before GC invocations=1078 (full 1):
 def new generation   total 39424K, used 35074K [0x04e00000, 0x078c0000, 0x0f8a0000)
  eden space 35072K, 100% used [0x04e00000, 0x07040000, 0x07040000)
  from space 4352K,   0% used [0x07480000, 0x07480848, 0x078c0000)
  to   space 4352K,   0% used [0x07040000, 0x07040000, 0x07480000)
 tenured generation   total 87424K, used 44021K [0x0f8a0000, 0x14e00000, 0x24e00000)
   the space 87424K,  50% used [0x0f8a0000, 0x1239d550, 0x1239d600, 0x14e00000)
 Metaspace       used 19041K, capacity 19513K, committed 19584K, reserved 19840K
Event: 897703.509 GC heap after
Heap after GC invocations=1079 (full 1):
 def new generation   total 39424K, used 1K [0x04e00000, 0x078c0000, 0x0f8a0000)
  eden space 35072K,   0% used [0x04e00000, 0x04e00000, 0x07040000)
  from space 4352K,   0% used [0x07040000, 0x070404f8, 0x07480000)
  to   space 4352K,   0% used [0x07480000, 0x07480000, 0x078c0000)
 tenured generation   total 87424K, used 44021K [0x0f8a0000, 0x14e00000, 0x24e00000)
   the space 87424K,  50% used [0x0f8a0000, 0x1239d550, 0x1239d600, 0x14e00000)
 Metaspace       used 19041K, capacity 19513K, committed 19584K, reserved 19840K
}

